2025-04-26 13:26:31 [main] WARN  org.testng.TestNG - Ignoring duplicate listener : io.qameta.allure.testng.AllureTestNg
2025-04-26 13:26:31 [main] WARN  org.testng.TestNG - Ignoring duplicate listener : io.qameta.allure.testng.AllureTestNg
2025-04-26 13:26:31 [main] WARN  org.testng.TestNG - Ignoring duplicate listener : io.qameta.allure.testng.AllureTestNg
2025-04-26 13:26:44 [main] INFO  c.o.cloudbees.CloudbeesHomePageTest - Step 1: Navigated to https://www.cloudbees.com/
2025-04-26 13:26:47 [main] INFO  c.o.cloudbees.CloudbeesHomePageTest - Step 2: Clicked on 'Products'
2025-04-26 13:26:52 [main] INFO  c.o.cloudbees.CloudbeesHomePageTest - Step 2: Clicked on 'CloudBees CD/RO' under Products
2025-04-26 13:26:52 [main] INFO  c.o.cloudbees.CloudbeesHomePageTest - Step 3: Verified that Cost Savings ($2m) is visible
2025-04-26 13:26:53 [main] INFO  c.o.cloudbees.CloudbeesHomePageTest - Step 4: Clicked on 'Auditors / Security'
2025-04-26 13:26:53 [main] INFO  c.o.cloudbees.CloudbeesHomePageTest - Step 5: Verified that text under Release Governance is visible
2025-04-26 13:26:54 [main] INFO  c.o.cloudbees.CloudbeesHomePageTest - Step 6: Clicked on 'Resources'
2025-04-26 13:26:55 [main] INFO  c.o.cloudbees.CloudbeesHomePageTest - Step 6: Clicking Documentation openes a new tab
2025-04-26 13:26:56 [main] INFO  c.o.cloudbees.CloudbeesHomePageTest - Step 7: Waited for the new tab to load
2025-04-26 13:26:56 [main] INFO  c.o.cloudbees.CloudbeesHomePageTest - Step 8: On  Click in the text field 'Search all CloudBees Resources' new page is visible'
2025-04-26 13:26:56 [main] INFO  c.o.cloudbees.CloudbeesHomePageTest - Step 9: Filled search query 'Installation'
2025-04-26 13:26:56 [main] INFO  c.o.cloudbees.CloudbeesHomePageTest - Step 10: Pressed Enter to initiate search
2025-04-26 13:26:58 [main] INFO  c.o.cloudbees.CloudbeesHomePageTest - Step 11: Clicked on page 2 of search results
2025-04-26 13:26:58 [main] INFO  c.o.cloudbees.CloudbeesHomePageTest - Step 12: Clicked on page 3 of search results
2025-04-26 13:26:58 [main] INFO  c.org.cloudbees.GitRepoTestingTest - Cloning the repo from https://github.com/vivekblrin/CloudbeesGitRepo.git
2025-04-26 13:27:00 [main] INFO  c.org.cloudbees.GitRepoTestingTest - Setting Git identity
2025-04-26 13:27:00 [main] INFO  c.org.cloudbees.GitRepoTestingTest - Creating a new file: newfile-080f7587-fcd2-4729-9bf8-c9ecba21c5eb.txt
2025-04-26 13:27:00 [main] INFO  c.org.cloudbees.GitRepoTestingTest - Adding file to Git: newfile-080f7587-fcd2-4729-9bf8-c9ecba21c5eb.txt
2025-04-26 13:27:00 [main] INFO  c.org.cloudbees.GitRepoTestingTest - Committing file with message: Add new file via automation
2025-04-26 13:27:01 [main] INFO  c.org.cloudbees.GitRepoTestingTest - Pushing file to remote repository
2025-04-26 13:27:05 [main] INFO  c.org.cloudbees.GitRepoTestingTest - Deleted cloned repository directory: F:\19_Testing_QualityAssurance\AutomationWorkspace\CloudBees\cloned-e9f664c8-6993-444b-9be9-10ba24754b28
2025-04-26 13:27:05 [main] INFO  c.org.cloudbees.GitRepoTestingTest - Cloning the repository from https://github.com/vivekblrin/CloudbeesGitRepo.git
2025-04-26 13:27:07 [main] INFO  c.org.cloudbees.GitRepoTestingTest - Setting Git identity
2025-04-26 13:27:07 [main] INFO  c.org.cloudbees.GitRepoTestingTest - Appending content to file: README.md
2025-04-26 13:27:07 [main] INFO  c.org.cloudbees.GitRepoTestingTest - Adding file to Git: README.md
2025-04-26 13:27:07 [main] INFO  c.org.cloudbees.GitRepoTestingTest - Committing changes with message: Append to existing file via automation
2025-04-26 13:27:07 [main] INFO  c.org.cloudbees.GitRepoTestingTest - Pushing changes to remote repository
2025-04-26 13:27:12 [main] INFO  c.org.cloudbees.GitRepoTestingTest - Deleted cloned repository directory: F:\19_Testing_QualityAssurance\AutomationWorkspace\CloudBees\cloned-9fb4e4da-6e98-41b6-9c04-e6b93d8dc701
2025-04-26 14:08:12 [main] WARN  org.testng.TestNG - Ignoring duplicate listener : io.qameta.allure.testng.AllureTestNg
2025-04-26 14:08:12 [main] WARN  org.testng.TestNG - Ignoring duplicate listener : io.qameta.allure.testng.AllureTestNg
2025-04-26 14:08:12 [main] WARN  org.testng.TestNG - Ignoring duplicate listener : io.qameta.allure.testng.AllureTestNg
2025-04-26 14:08:38 [main] INFO  c.o.cloudbees.CloudbeesHomePageTest - Step 1: Navigated to https://www.cloudbees.com/
2025-04-26 14:08:39 [main] INFO  c.o.cloudbees.CloudbeesHomePageTest - Step 2: Clicked on 'Products'
2025-04-26 14:09:25 [main] INFO  c.o.cloudbees.CloudbeesHomePageTest - Step 2: Clicked on 'CloudBees CD/RO' under Products
2025-04-26 14:09:25 [main] INFO  c.o.cloudbees.CloudbeesHomePageTest - Step 3: Verified that Cost Savings ($2m) is visible
2025-04-26 14:09:26 [main] INFO  c.o.cloudbees.CloudbeesHomePageTest - Step 4: Clicked on 'Auditors / Security'
2025-04-26 14:09:26 [main] INFO  c.o.cloudbees.CloudbeesHomePageTest - Step 5: Verified that text under Release Governance is visible
2025-04-26 14:09:27 [main] INFO  c.o.cloudbees.CloudbeesHomePageTest - Step 6: Clicked on 'Resources'
2025-04-26 14:09:29 [main] INFO  c.o.cloudbees.CloudbeesHomePageTest - Step 6: Clicking Documentation openes a new tab
2025-04-26 14:09:30 [main] INFO  c.o.cloudbees.CloudbeesHomePageTest - Step 7: Waited for the new tab to load
2025-04-26 14:09:30 [main] INFO  c.o.cloudbees.CloudbeesHomePageTest - Step 8: On  Click in the text field 'Search all CloudBees Resources' new page is visible'
2025-04-26 14:09:31 [main] INFO  c.o.cloudbees.CloudbeesHomePageTest - Step 9: Filled search query 'Installation'
2025-04-26 14:09:31 [main] INFO  c.o.cloudbees.CloudbeesHomePageTest - Step 10: Pressed Enter to initiate search
2025-04-26 14:09:32 [main] INFO  c.o.cloudbees.CloudbeesHomePageTest - Step 11: Clicked on page 2 of search results
2025-04-26 14:09:32 [main] INFO  c.o.cloudbees.CloudbeesHomePageTest - Step 12: Clicked on page 3 of search results
2025-04-26 14:09:33 [main] INFO  c.org.cloudbees.GitRepoTestingTest - Cloning the repo from https://github.com/vivekblrin/CloudbeesGitRepo.git
2025-04-26 14:09:44 [main] INFO  c.org.cloudbees.GitRepoTestingTest - Setting Git identity
2025-04-26 14:09:45 [main] INFO  c.org.cloudbees.GitRepoTestingTest - Creating a new file: newfile-f4f32649-0330-4d2a-8a97-cbc5a67d50af.txt
2025-04-26 14:09:45 [main] INFO  c.org.cloudbees.GitRepoTestingTest - Adding file to Git: newfile-f4f32649-0330-4d2a-8a97-cbc5a67d50af.txt
2025-04-26 14:09:45 [main] INFO  c.org.cloudbees.GitRepoTestingTest - Committing file with message: Add new file via automation
2025-04-26 14:09:45 [main] INFO  c.org.cloudbees.GitRepoTestingTest - Pushing file to remote repository
2025-04-26 14:09:53 [main] INFO  c.org.cloudbees.GitRepoTestingTest - Deleted cloned repository directory: F:\19_Testing_QualityAssurance\AutomationWorkspace\CloudBeesProject\cloned-e27759df-83f9-419a-8561-ed9de0cf02af
2025-04-26 14:09:53 [main] INFO  c.org.cloudbees.GitRepoTestingTest - Cloning the repository from https://github.com/vivekblrin/CloudbeesGitRepo.git
2025-04-26 14:10:00 [main] INFO  c.org.cloudbees.GitRepoTestingTest - Setting Git identity
2025-04-26 14:10:01 [main] INFO  c.org.cloudbees.GitRepoTestingTest - Appending content to file: README.md
2025-04-26 14:10:01 [main] INFO  c.org.cloudbees.GitRepoTestingTest - Adding file to Git: README.md
2025-04-26 14:10:01 [main] INFO  c.org.cloudbees.GitRepoTestingTest - Committing changes with message: Append to existing file via automation
2025-04-26 14:10:01 [main] INFO  c.org.cloudbees.GitRepoTestingTest - Pushing changes to remote repository
2025-04-26 14:10:06 [main] INFO  c.org.cloudbees.GitRepoTestingTest - Deleted cloned repository directory: F:\19_Testing_QualityAssurance\AutomationWorkspace\CloudBeesProject\cloned-04590171-1c8a-4e24-99f5-305b02e0155c
2025-04-26 14:11:12 [main] INFO  org.testng.internal.Utils - [Utils] MethodGroupsHelper.collectMethodsByGroup() took 1 ms.
2025-04-26 14:11:12 [main] INFO  org.testng.internal.Utils - [Utils] MethodGroupsHelper.sortMethods() took 2 ms.
2025-04-26 14:11:12 [main] INFO  org.testng.internal.Utils - [Utils] MethodGroupsHelper.collectMethodsByGroup() took 0 ms.
2025-04-26 14:11:12 [main] INFO  org.testng.internal.Utils - [Utils] MethodGroupsHelper.sortMethods() took 0 ms.
2025-04-26 14:11:12 [main] INFO  org.testng.internal.Utils - [Utils] MethodGroupsHelper.collectMethodsByGroup() took 0 ms.
2025-04-26 14:11:12 [main] INFO  org.testng.internal.Utils - [Utils] MethodGroupsHelper.sortMethods() took 0 ms.
2025-04-26 14:11:12 [main] INFO  org.testng.internal.Utils - [Utils] MethodGroupsHelper.collectMethodsByGroup() took 0 ms.
2025-04-26 14:11:12 [main] INFO  org.testng.internal.Utils - [Utils] MethodGroupsHelper.sortMethods() took 0 ms.
2025-04-26 14:11:12 [main] INFO  org.testng.internal.Utils - [Utils] MethodGroupsHelper.collectMethodsByGroup() took 0 ms.
2025-04-26 14:11:12 [main] INFO  org.testng.internal.Utils - [Utils] MethodGroupsHelper.sortMethods() took 0 ms.
2025-04-26 14:11:12 [main] INFO  org.testng.internal.Utils - [Utils] MethodGroupsHelper.collectMethodsByGroup() took 0 ms.
2025-04-26 14:11:12 [main] INFO  org.testng.internal.Utils - [Utils] MethodGroupsHelper.sortMethods() took 0 ms.
2025-04-26 14:11:12 [main] INFO  org.testng.internal.Utils - [Utils] MethodGroupsHelper.collectMethodsByGroup() took 0 ms.
2025-04-26 14:11:12 [main] INFO  org.testng.internal.Utils - [Utils] MethodGroupsHelper.sortMethods() took 0 ms.
2025-04-26 14:11:12 [main] INFO  org.testng.internal.Utils - [Utils] MethodGroupsHelper.collectMethodsByGroup() took 0 ms.
2025-04-26 14:11:12 [main] INFO  org.testng.internal.Utils - [Utils] MethodGroupsHelper.sortMethods() took 0 ms.
2025-04-26 14:11:12 [main] INFO  org.testng.internal.Utils - [Utils] MethodGroupsHelper.collectMethodsByGroup() took 0 ms.
2025-04-26 14:11:12 [main] INFO  org.testng.internal.Utils - [Utils] MethodGroupsHelper.sortMethods() took 0 ms.
2025-04-26 14:11:12 [main] INFO  org.testng.internal.Utils - [Utils] MethodGroupsHelper.collectMethodsByGroup() took 0 ms.
2025-04-26 14:11:12 [main] INFO  org.testng.internal.Utils - [Utils] MethodGroupsHelper.sortMethods() took 0 ms.
2025-04-26 14:11:12 [main] INFO  org.testng.internal.Utils - [Utils] MethodGroupsHelper.collectMethodsByGroup() took 0 ms.
2025-04-26 14:11:12 [main] INFO  org.testng.internal.Utils - [Utils] MethodGroupsHelper.sortMethods() took 0 ms.
2025-04-26 14:11:12 [main] INFO  org.testng.internal.Utils - [Utils] MethodGroupsHelper.collectMethodsByGroup() took 0 ms.
2025-04-26 14:11:12 [main] INFO  org.testng.internal.Utils - [Utils] MethodGroupsHelper.sortMethods() took 0 ms.
2025-04-26 14:11:12 [main] INFO  org.testng.internal.Utils - [Utils] MethodGroupsHelper.collectMethodsByGroup() took 6 ms.
2025-04-26 14:11:12 [main] INFO  org.testng.internal.Utils - [Utils] MethodGroupsHelper.sortMethods() took 5 ms.
2025-04-26 14:11:12 [main] INFO  org.testng.internal.Utils - [Utils] MethodGroupsHelper.collectMethodsByGroup() took 0 ms.
2025-04-26 14:11:12 [main] INFO  org.testng.internal.Utils - [Utils] MethodGroupsHelper.sortMethods() took 0 ms.
2025-04-26 14:11:12 [main] INFO  org.testng.internal.Utils - [Utils] MethodGroupsHelper.collectMethodsByGroup() took 0 ms.
2025-04-26 14:11:12 [main] INFO  org.testng.internal.Utils - [Utils] MethodGroupsHelper.sortMethods() took 0 ms.
2025-04-26 14:11:13 [main] INFO  org.testng.internal.Utils - [TestNG] Running:
  C:\Users\Lenovo\AppData\Local\Temp\testng-eclipse-212059868\testng-customsuite.xml

2025-04-26 14:11:13 [main] INFO  org.testng.internal.Utils - [Utils] DynamicGraphHelper.createDynamicGraph() took 6 ms.
2025-04-26 14:11:36 [main] INFO  c.o.cloudbees.CloudbeesHomePageTest - Step 1: Navigated to https://www.cloudbees.com/
2025-04-26 14:11:37 [main] INFO  c.o.cloudbees.CloudbeesHomePageTest - Step 2: Clicked on 'Products'
2025-04-26 14:12:26 [main] INFO  org.testng.internal.Utils - [Utils] MethodGroupsHelper.collectMethodsByGroup() took 1 ms.
2025-04-26 14:12:26 [main] INFO  org.testng.internal.Utils - [Utils] MethodGroupsHelper.sortMethods() took 1 ms.
2025-04-26 14:12:26 [main] INFO  org.testng.internal.Utils - [Utils] MethodGroupsHelper.collectMethodsByGroup() took 0 ms.
2025-04-26 14:12:26 [main] INFO  org.testng.internal.Utils - [Utils] MethodGroupsHelper.sortMethods() took 0 ms.
2025-04-26 14:12:26 [main] INFO  org.testng.internal.Utils - [Utils] MethodGroupsHelper.collectMethodsByGroup() took 0 ms.
2025-04-26 14:12:26 [main] INFO  org.testng.internal.Utils - [Utils] MethodGroupsHelper.sortMethods() took 0 ms.
2025-04-26 14:12:26 [main] INFO  org.testng.internal.Utils - [Utils] MethodGroupsHelper.collectMethodsByGroup() took 0 ms.
2025-04-26 14:12:26 [main] INFO  org.testng.internal.Utils - [Utils] MethodGroupsHelper.sortMethods() took 0 ms.
2025-04-26 14:12:26 [main] INFO  org.testng.internal.Utils - [Utils] MethodGroupsHelper.collectMethodsByGroup() took 0 ms.
2025-04-26 14:12:26 [main] INFO  org.testng.internal.Utils - [Utils] MethodGroupsHelper.sortMethods() took 0 ms.
2025-04-26 14:12:26 [main] INFO  org.testng.internal.Utils - [Utils] MethodGroupsHelper.collectMethodsByGroup() took 0 ms.
2025-04-26 14:12:26 [main] INFO  org.testng.internal.Utils - [Utils] MethodGroupsHelper.sortMethods() took 0 ms.
2025-04-26 14:12:26 [main] INFO  org.testng.internal.Utils - [Utils] MethodGroupsHelper.collectMethodsByGroup() took 0 ms.
2025-04-26 14:12:26 [main] INFO  org.testng.internal.Utils - [Utils] MethodGroupsHelper.sortMethods() took 0 ms.
2025-04-26 14:12:26 [main] INFO  org.testng.internal.Utils - [Utils] MethodGroupsHelper.collectMethodsByGroup() took 0 ms.
2025-04-26 14:12:26 [main] INFO  org.testng.internal.Utils - [Utils] MethodGroupsHelper.sortMethods() took 0 ms.
2025-04-26 14:12:26 [main] INFO  org.testng.internal.Utils - [Utils] MethodGroupsHelper.collectMethodsByGroup() took 0 ms.
2025-04-26 14:12:26 [main] INFO  org.testng.internal.Utils - [Utils] MethodGroupsHelper.sortMethods() took 0 ms.
2025-04-26 14:12:26 [main] INFO  org.testng.internal.Utils - [Utils] MethodGroupsHelper.collectMethodsByGroup() took 0 ms.
2025-04-26 14:12:26 [main] INFO  org.testng.internal.Utils - [Utils] MethodGroupsHelper.sortMethods() took 0 ms.
2025-04-26 14:12:26 [main] INFO  org.testng.internal.Utils - [Utils] MethodGroupsHelper.collectMethodsByGroup() took 0 ms.
2025-04-26 14:12:26 [main] INFO  org.testng.internal.Utils - [Utils] MethodGroupsHelper.sortMethods() took 0 ms.
2025-04-26 14:12:26 [main] INFO  org.testng.internal.Utils - [Utils] MethodGroupsHelper.collectMethodsByGroup() took 0 ms.
2025-04-26 14:12:26 [main] INFO  org.testng.internal.Utils - [Utils] MethodGroupsHelper.sortMethods() took 0 ms.
2025-04-26 14:12:26 [main] INFO  org.testng.internal.Utils - [Utils] MethodGroupsHelper.collectMethodsByGroup() took 4 ms.
2025-04-26 14:12:26 [main] INFO  org.testng.internal.Utils - [Utils] MethodGroupsHelper.sortMethods() took 6 ms.
2025-04-26 14:12:26 [main] INFO  org.testng.internal.Utils - [Utils] MethodGroupsHelper.collectMethodsByGroup() took 0 ms.
2025-04-26 14:12:26 [main] INFO  org.testng.internal.Utils - [Utils] MethodGroupsHelper.sortMethods() took 0 ms.
2025-04-26 14:12:26 [main] INFO  org.testng.internal.Utils - [Utils] MethodGroupsHelper.collectMethodsByGroup() took 0 ms.
2025-04-26 14:12:26 [main] INFO  org.testng.internal.Utils - [Utils] MethodGroupsHelper.sortMethods() took 0 ms.
2025-04-26 14:12:26 [main] INFO  org.testng.internal.Utils - [TestNG] Running:
  C:\Users\Lenovo\AppData\Local\Temp\testng-eclipse--1715407883\testng-customsuite.xml

2025-04-26 14:12:26 [main] INFO  org.testng.internal.Utils - [Utils] DynamicGraphHelper.createDynamicGraph() took 8 ms.
2025-04-26 14:12:46 [main] INFO  c.o.cloudbees.CloudbeesHomePageTest - Step 1: Navigated to https://www.cloudbees.com/
2025-04-26 14:12:47 [main] INFO  c.o.cloudbees.CloudbeesHomePageTest - Step 2: Clicked on 'Products'
2025-04-26 14:12:55 [main] INFO  c.o.cloudbees.CloudbeesHomePageTest - Step 2: Clicked on 'CloudBees CD/RO' under Products
2025-04-26 14:12:55 [main] INFO  c.o.cloudbees.CloudbeesHomePageTest - Step 3: Verified that Cost Savings ($2m) is visible
2025-04-26 14:12:56 [main] INFO  c.o.cloudbees.CloudbeesHomePageTest - Step 4: Clicked on 'Auditors / Security'
2025-04-26 14:12:56 [main] INFO  c.o.cloudbees.CloudbeesHomePageTest - Step 5: Verified that text under Release Governance is visible
2025-04-26 14:12:58 [main] INFO  c.o.cloudbees.CloudbeesHomePageTest - Step 6: Clicked on 'Resources'
2025-04-26 14:12:59 [main] INFO  c.o.cloudbees.CloudbeesHomePageTest - Step 6: Clicking Documentation openes a new tab
2025-04-26 14:13:00 [main] INFO  c.o.cloudbees.CloudbeesHomePageTest - Step 7: Waited for the new tab to load
2025-04-26 14:13:00 [main] INFO  c.o.cloudbees.CloudbeesHomePageTest - Step 8: On  Click in the text field 'Search all CloudBees Resources' new page is visible'
2025-04-26 14:13:00 [main] INFO  c.o.cloudbees.CloudbeesHomePageTest - Step 9: Filled search query 'Installation'
2025-04-26 14:13:00 [main] INFO  c.o.cloudbees.CloudbeesHomePageTest - Step 10: Pressed Enter to initiate search
2025-04-26 14:13:02 [main] INFO  c.o.cloudbees.CloudbeesHomePageTest - Step 11: Clicked on page 2 of search results
2025-04-26 14:13:02 [main] INFO  c.o.cloudbees.CloudbeesHomePageTest - Step 12: Clicked on page 3 of search results
2025-04-26 14:13:03 [main] INFO  org.testng.internal.Utils - [TestNG] Time taken by org.testng.internal.ExitCodeListener@b967222: 0 ms
2025-04-26 14:13:03 [main] INFO  org.testng.internal.Utils - [TestNG] Time taken by org.testng.reporters.SuiteHTMLReporter@7abe27bf: 26 ms
2025-04-26 14:13:03 [main] INFO  org.testng.internal.Utils - [TestNG] Time taken by org.testng.reporters.jq.Main@287f7811: 146 ms
2025-04-26 14:13:03 [main] INFO  org.testng.internal.Utils - [TestNG] Time taken by org.testng.reporters.FailedReporter@451f87af: 1 ms
2025-04-26 14:13:03 [main] INFO  org.testng.internal.Utils - [TestNG] Time taken by org.testng.reporters.XMLReporter@58294867: 7 ms
2025-04-26 14:13:03 [main] INFO  org.testng.internal.Utils - [TestNG] Time taken by org.testng.reporters.EmailableReporter2@5a67e962: 9 ms
2025-04-26 14:13:03 [main] INFO  org.testng.internal.Utils - [TestNG] Time taken by org.testng.reporters.JUnitReportReporter@253b380a: 7 ms
2025-04-26 14:13:15 [main] INFO  org.testng.internal.Utils - [Utils] MethodGroupsHelper.collectMethodsByGroup() took 1 ms.
2025-04-26 14:13:15 [main] INFO  org.testng.internal.Utils - [Utils] MethodGroupsHelper.sortMethods() took 2 ms.
2025-04-26 14:13:15 [main] INFO  org.testng.internal.Utils - [Utils] MethodGroupsHelper.collectMethodsByGroup() took 0 ms.
2025-04-26 14:13:15 [main] INFO  org.testng.internal.Utils - [Utils] MethodGroupsHelper.sortMethods() took 0 ms.
2025-04-26 14:13:15 [main] INFO  org.testng.internal.Utils - [Utils] MethodGroupsHelper.collectMethodsByGroup() took 0 ms.
2025-04-26 14:13:15 [main] INFO  org.testng.internal.Utils - [Utils] MethodGroupsHelper.sortMethods() took 0 ms.
2025-04-26 14:13:15 [main] INFO  org.testng.internal.Utils - [Utils] MethodGroupsHelper.collectMethodsByGroup() took 0 ms.
2025-04-26 14:13:15 [main] INFO  org.testng.internal.Utils - [Utils] MethodGroupsHelper.sortMethods() took 0 ms.
2025-04-26 14:13:15 [main] INFO  org.testng.internal.Utils - [Utils] MethodGroupsHelper.collectMethodsByGroup() took 0 ms.
2025-04-26 14:13:15 [main] INFO  org.testng.internal.Utils - [Utils] MethodGroupsHelper.sortMethods() took 0 ms.
2025-04-26 14:13:15 [main] INFO  org.testng.internal.Utils - [Utils] MethodGroupsHelper.collectMethodsByGroup() took 0 ms.
2025-04-26 14:13:15 [main] INFO  org.testng.internal.Utils - [Utils] MethodGroupsHelper.sortMethods() took 0 ms.
2025-04-26 14:13:15 [main] INFO  org.testng.internal.Utils - [Utils] MethodGroupsHelper.collectMethodsByGroup() took 0 ms.
2025-04-26 14:13:15 [main] INFO  org.testng.internal.Utils - [Utils] MethodGroupsHelper.sortMethods() took 0 ms.
2025-04-26 14:13:15 [main] INFO  org.testng.internal.Utils - [Utils] MethodGroupsHelper.collectMethodsByGroup() took 0 ms.
2025-04-26 14:13:15 [main] INFO  org.testng.internal.Utils - [Utils] MethodGroupsHelper.sortMethods() took 0 ms.
2025-04-26 14:13:15 [main] INFO  org.testng.internal.Utils - [Utils] MethodGroupsHelper.collectMethodsByGroup() took 0 ms.
2025-04-26 14:13:15 [main] INFO  org.testng.internal.Utils - [Utils] MethodGroupsHelper.sortMethods() took 0 ms.
2025-04-26 14:13:15 [main] INFO  org.testng.internal.Utils - [Utils] MethodGroupsHelper.collectMethodsByGroup() took 0 ms.
2025-04-26 14:13:15 [main] INFO  org.testng.internal.Utils - [Utils] MethodGroupsHelper.sortMethods() took 0 ms.
2025-04-26 14:13:15 [main] INFO  org.testng.internal.Utils - [Utils] MethodGroupsHelper.collectMethodsByGroup() took 0 ms.
2025-04-26 14:13:15 [main] INFO  org.testng.internal.Utils - [Utils] MethodGroupsHelper.sortMethods() took 0 ms.
2025-04-26 14:13:15 [main] INFO  org.testng.internal.Utils - [Utils] MethodGroupsHelper.collectMethodsByGroup() took 0 ms.
2025-04-26 14:13:15 [main] INFO  org.testng.internal.Utils - [Utils] MethodGroupsHelper.sortMethods() took 0 ms.
2025-04-26 14:13:15 [main] INFO  org.testng.internal.Utils - [Utils] MethodGroupsHelper.collectMethodsByGroup() took 3 ms.
2025-04-26 14:13:15 [main] INFO  org.testng.internal.Utils - [Utils] MethodGroupsHelper.sortMethods() took 10 ms.
2025-04-26 14:13:15 [main] INFO  org.testng.internal.Utils - [Utils] MethodGroupsHelper.collectMethodsByGroup() took 0 ms.
2025-04-26 14:13:15 [main] INFO  org.testng.internal.Utils - [Utils] MethodGroupsHelper.sortMethods() took 0 ms.
2025-04-26 14:13:15 [main] INFO  org.testng.internal.Utils - [Utils] MethodGroupsHelper.collectMethodsByGroup() took 0 ms.
2025-04-26 14:13:15 [main] INFO  org.testng.internal.Utils - [Utils] MethodGroupsHelper.sortMethods() took 0 ms.
2025-04-26 14:13:15 [main] INFO  org.testng.internal.Utils - [TestNG] Running:
  C:\Users\Lenovo\AppData\Local\Temp\testng-eclipse--2070085072\testng-customsuite.xml

2025-04-26 14:13:15 [main] INFO  org.testng.internal.Utils - [Utils] DynamicGraphHelper.createDynamicGraph() took 7 ms.
2025-04-26 14:13:15 [main] INFO  c.org.cloudbees.GitRepoTestingTest - Cloning the repo from https://github.com/vivekblrin/CloudbeesGitRepo.git
2025-04-26 14:13:19 [main] INFO  c.org.cloudbees.GitRepoTestingTest - Setting Git identity
2025-04-26 14:13:19 [main] INFO  c.org.cloudbees.GitRepoTestingTest - Creating a new file: newfile-f6ca04d4-d50a-453e-a87b-dc2133411080.txt
2025-04-26 14:13:19 [main] INFO  c.org.cloudbees.GitRepoTestingTest - Adding file to Git: newfile-f6ca04d4-d50a-453e-a87b-dc2133411080.txt
2025-04-26 14:13:19 [main] INFO  c.org.cloudbees.GitRepoTestingTest - Committing file with message: Add new file via automation
2025-04-26 14:13:20 [main] INFO  c.org.cloudbees.GitRepoTestingTest - Pushing file to remote repository
2025-04-26 14:13:27 [main] INFO  c.org.cloudbees.GitRepoTestingTest - Deleted cloned repository directory: F:\19_Testing_QualityAssurance\AutomationWorkspace\CloudBeesProject\cloned-c65ea627-094e-4010-afa1-9fcd7ecff7ad
2025-04-26 14:13:27 [main] INFO  c.org.cloudbees.GitRepoTestingTest - Cloning the repository from https://github.com/vivekblrin/CloudbeesGitRepo.git
2025-04-26 14:13:30 [main] INFO  c.org.cloudbees.GitRepoTestingTest - Setting Git identity
2025-04-26 14:13:30 [main] INFO  c.org.cloudbees.GitRepoTestingTest - Appending content to file: README.md
2025-04-26 14:13:30 [main] INFO  c.org.cloudbees.GitRepoTestingTest - Adding file to Git: README.md
2025-04-26 14:13:31 [main] INFO  c.org.cloudbees.GitRepoTestingTest - Committing changes with message: Append to existing file via automation
2025-04-26 14:13:31 [main] INFO  c.org.cloudbees.GitRepoTestingTest - Pushing changes to remote repository
2025-04-26 14:13:36 [main] INFO  c.org.cloudbees.GitRepoTestingTest - Deleted cloned repository directory: F:\19_Testing_QualityAssurance\AutomationWorkspace\CloudBeesProject\cloned-9e092dd5-e808-43ba-b89b-752597e8eb7a
2025-04-26 14:13:36 [main] INFO  org.testng.internal.Utils - [TestNG] Time taken by org.testng.internal.ExitCodeListener@57f791c6: 1 ms
2025-04-26 14:13:36 [main] INFO  org.testng.internal.Utils - [TestNG] Time taken by org.testng.reporters.SuiteHTMLReporter@31500940: 65 ms
2025-04-26 14:13:36 [main] INFO  org.testng.internal.Utils - [TestNG] Time taken by org.testng.reporters.jq.Main@3a80515c: 164 ms
2025-04-26 14:13:36 [main] INFO  org.testng.internal.Utils - [TestNG] Time taken by org.testng.reporters.FailedReporter@547e29a4: 1 ms
2025-04-26 14:13:36 [main] INFO  org.testng.internal.Utils - [TestNG] Time taken by org.testng.reporters.XMLReporter@2d8f2f3a: 9 ms
2025-04-26 14:13:36 [main] INFO  org.testng.internal.Utils - [TestNG] Time taken by org.testng.reporters.EmailableReporter2@436390f4: 7 ms
2025-04-26 14:13:36 [main] INFO  org.testng.internal.Utils - [TestNG] Time taken by org.testng.reporters.JUnitReportReporter@255990cc: 6 ms
2025-04-26 14:14:00 [main] WARN  org.testng.TestNG - Ignoring duplicate listener : io.qameta.allure.testng.AllureTestNg
2025-04-26 14:14:00 [main] WARN  org.testng.TestNG - Ignoring duplicate listener : io.qameta.allure.testng.AllureTestNg
2025-04-26 14:14:00 [main] WARN  org.testng.TestNG - Ignoring duplicate listener : io.qameta.allure.testng.AllureTestNg
2025-04-26 14:14:19 [main] INFO  c.o.cloudbees.CloudbeesHomePageTest - Step 1: Navigated to https://www.cloudbees.com/
2025-04-26 14:14:20 [main] INFO  c.o.cloudbees.CloudbeesHomePageTest - Step 2: Clicked on 'Products'
2025-04-26 14:14:25 [main] INFO  c.o.cloudbees.CloudbeesHomePageTest - Step 2: Clicked on 'CloudBees CD/RO' under Products
2025-04-26 14:14:26 [main] INFO  c.o.cloudbees.CloudbeesHomePageTest - Step 3: Verified that Cost Savings ($2m) is visible
2025-04-26 14:14:27 [main] INFO  c.o.cloudbees.CloudbeesHomePageTest - Step 4: Clicked on 'Auditors / Security'
2025-04-26 14:14:27 [main] INFO  c.o.cloudbees.CloudbeesHomePageTest - Step 5: Verified that text under Release Governance is visible
2025-04-26 14:14:28 [main] INFO  c.o.cloudbees.CloudbeesHomePageTest - Step 6: Clicked on 'Resources'
2025-04-26 14:14:30 [main] INFO  c.o.cloudbees.CloudbeesHomePageTest - Step 6: Clicking Documentation openes a new tab
2025-04-26 14:14:31 [main] INFO  c.o.cloudbees.CloudbeesHomePageTest - Step 7: Waited for the new tab to load
2025-04-26 14:14:31 [main] INFO  c.o.cloudbees.CloudbeesHomePageTest - Step 8: On  Click in the text field 'Search all CloudBees Resources' new page is visible'
2025-04-26 14:14:31 [main] INFO  c.o.cloudbees.CloudbeesHomePageTest - Step 9: Filled search query 'Installation'
2025-04-26 14:14:32 [main] INFO  c.o.cloudbees.CloudbeesHomePageTest - Step 10: Pressed Enter to initiate search
2025-04-26 14:14:33 [main] INFO  c.o.cloudbees.CloudbeesHomePageTest - Step 11: Clicked on page 2 of search results
2025-04-26 14:14:33 [main] INFO  c.o.cloudbees.CloudbeesHomePageTest - Step 12: Clicked on page 3 of search results
2025-04-26 14:14:33 [main] INFO  c.org.cloudbees.GitRepoTestingTest - Cloning the repo from https://github.com/vivekblrin/CloudbeesGitRepo.git
2025-04-26 14:14:36 [main] INFO  c.org.cloudbees.GitRepoTestingTest - Setting Git identity
2025-04-26 14:14:36 [main] INFO  c.org.cloudbees.GitRepoTestingTest - Creating a new file: newfile-c68fed73-2171-4499-9599-fa6d72df8617.txt
2025-04-26 14:14:36 [main] INFO  c.org.cloudbees.GitRepoTestingTest - Adding file to Git: newfile-c68fed73-2171-4499-9599-fa6d72df8617.txt
2025-04-26 14:14:36 [main] INFO  c.org.cloudbees.GitRepoTestingTest - Committing file with message: Add new file via automation
2025-04-26 14:14:37 [main] INFO  c.org.cloudbees.GitRepoTestingTest - Pushing file to remote repository
2025-04-26 14:14:44 [main] INFO  c.org.cloudbees.GitRepoTestingTest - Deleted cloned repository directory: F:\19_Testing_QualityAssurance\AutomationWorkspace\CloudBeesProject\cloned-da459eba-18cd-4ba7-ab60-b2e72709fc0d
2025-04-26 14:14:44 [main] INFO  c.org.cloudbees.GitRepoTestingTest - Cloning the repository from https://github.com/vivekblrin/CloudbeesGitRepo.git
2025-04-26 14:14:47 [main] INFO  c.org.cloudbees.GitRepoTestingTest - Setting Git identity
2025-04-26 14:14:47 [main] INFO  c.org.cloudbees.GitRepoTestingTest - Appending content to file: README.md
2025-04-26 14:14:47 [main] INFO  c.org.cloudbees.GitRepoTestingTest - Adding file to Git: README.md
2025-04-26 14:14:48 [main] INFO  c.org.cloudbees.GitRepoTestingTest - Committing changes with message: Append to existing file via automation
2025-04-26 14:14:48 [main] INFO  c.org.cloudbees.GitRepoTestingTest - Pushing changes to remote repository
2025-04-26 14:14:55 [main] INFO  c.org.cloudbees.GitRepoTestingTest - Deleted cloned repository directory: F:\19_Testing_QualityAssurance\AutomationWorkspace\CloudBeesProject\cloned-9d8093e9-3f4f-4ecc-8dd9-4ea07af09473
2025-04-26 14:44:33 [main] INFO  org.testng.internal.Utils - [Utils] MethodGroupsHelper.collectMethodsByGroup() took 0 ms.
2025-04-26 14:44:33 [main] INFO  org.testng.internal.Utils - [Utils] MethodGroupsHelper.sortMethods() took 2 ms.
2025-04-26 14:44:33 [main] INFO  org.testng.internal.Utils - [Utils] MethodGroupsHelper.collectMethodsByGroup() took 0 ms.
2025-04-26 14:44:33 [main] INFO  org.testng.internal.Utils - [Utils] MethodGroupsHelper.sortMethods() took 0 ms.
2025-04-26 14:44:33 [main] INFO  org.testng.internal.Utils - [Utils] MethodGroupsHelper.collectMethodsByGroup() took 0 ms.
2025-04-26 14:44:33 [main] INFO  org.testng.internal.Utils - [Utils] MethodGroupsHelper.sortMethods() took 0 ms.
2025-04-26 14:44:33 [main] INFO  org.testng.internal.Utils - [Utils] MethodGroupsHelper.collectMethodsByGroup() took 0 ms.
2025-04-26 14:44:33 [main] INFO  org.testng.internal.Utils - [Utils] MethodGroupsHelper.sortMethods() took 0 ms.
2025-04-26 14:44:33 [main] INFO  org.testng.internal.Utils - [Utils] MethodGroupsHelper.collectMethodsByGroup() took 0 ms.
2025-04-26 14:44:33 [main] INFO  org.testng.internal.Utils - [Utils] MethodGroupsHelper.sortMethods() took 0 ms.
2025-04-26 14:44:33 [main] INFO  org.testng.internal.Utils - [Utils] MethodGroupsHelper.collectMethodsByGroup() took 0 ms.
2025-04-26 14:44:33 [main] INFO  org.testng.internal.Utils - [Utils] MethodGroupsHelper.sortMethods() took 0 ms.
2025-04-26 14:44:33 [main] INFO  org.testng.internal.Utils - [Utils] MethodGroupsHelper.collectMethodsByGroup() took 0 ms.
2025-04-26 14:44:33 [main] INFO  org.testng.internal.Utils - [Utils] MethodGroupsHelper.sortMethods() took 0 ms.
2025-04-26 14:44:33 [main] INFO  org.testng.internal.Utils - [Utils] MethodGroupsHelper.collectMethodsByGroup() took 0 ms.
2025-04-26 14:44:33 [main] INFO  org.testng.internal.Utils - [Utils] MethodGroupsHelper.sortMethods() took 0 ms.
2025-04-26 14:44:33 [main] INFO  org.testng.internal.Utils - [Utils] MethodGroupsHelper.collectMethodsByGroup() took 0 ms.
2025-04-26 14:44:33 [main] INFO  org.testng.internal.Utils - [Utils] MethodGroupsHelper.sortMethods() took 0 ms.
2025-04-26 14:44:33 [main] INFO  org.testng.internal.Utils - [Utils] MethodGroupsHelper.collectMethodsByGroup() took 0 ms.
2025-04-26 14:44:33 [main] INFO  org.testng.internal.Utils - [Utils] MethodGroupsHelper.sortMethods() took 0 ms.
2025-04-26 14:44:33 [main] INFO  org.testng.internal.Utils - [Utils] MethodGroupsHelper.collectMethodsByGroup() took 0 ms.
2025-04-26 14:44:33 [main] INFO  org.testng.internal.Utils - [Utils] MethodGroupsHelper.sortMethods() took 0 ms.
2025-04-26 14:44:33 [main] INFO  org.testng.internal.Utils - [Utils] MethodGroupsHelper.collectMethodsByGroup() took 0 ms.
2025-04-26 14:44:33 [main] INFO  org.testng.internal.Utils - [Utils] MethodGroupsHelper.sortMethods() took 0 ms.
2025-04-26 14:44:33 [main] INFO  org.testng.internal.Utils - [Utils] MethodGroupsHelper.collectMethodsByGroup() took 6 ms.
2025-04-26 14:44:33 [main] INFO  org.testng.internal.Utils - [Utils] MethodGroupsHelper.sortMethods() took 6 ms.
2025-04-26 14:44:33 [main] INFO  org.testng.internal.Utils - [Utils] MethodGroupsHelper.collectMethodsByGroup() took 0 ms.
2025-04-26 14:44:33 [main] INFO  org.testng.internal.Utils - [Utils] MethodGroupsHelper.sortMethods() took 0 ms.
2025-04-26 14:44:33 [main] INFO  org.testng.internal.Utils - [Utils] MethodGroupsHelper.collectMethodsByGroup() took 0 ms.
2025-04-26 14:44:33 [main] INFO  org.testng.internal.Utils - [Utils] MethodGroupsHelper.sortMethods() took 0 ms.
2025-04-26 14:44:33 [main] INFO  org.testng.internal.Utils - [TestNG] Running:
  C:\Users\Lenovo\AppData\Local\Temp\testng-eclipse-438525897\testng-customsuite.xml

2025-04-26 14:44:33 [main] INFO  org.testng.internal.Utils - [Utils] DynamicGraphHelper.createDynamicGraph() took 8 ms.
2025-04-26 14:44:54 [main] INFO  c.o.cloudbees.CloudbeesHomePageTest - Step 1: Navigated to https://www.cloudbees.com/
2025-04-26 14:44:55 [main] INFO  c.o.cloudbees.CloudbeesHomePageTest - Step 2: Clicked on 'Products'
2025-04-26 14:45:02 [main] INFO  c.o.cloudbees.CloudbeesHomePageTest - Step 2: Clicked on 'CloudBees CD/RO' under Products
2025-04-26 14:45:02 [main] INFO  c.o.cloudbees.CloudbeesHomePageTest - Step 3: Verified that Cost Savings ($2m) is visible
2025-04-26 14:45:03 [main] INFO  c.o.cloudbees.CloudbeesHomePageTest - Step 4: Clicked on 'Auditors / Security'
2025-04-26 14:45:03 [main] INFO  c.o.cloudbees.CloudbeesHomePageTest - Step 5: Verified that text under Release Governance is visible
2025-04-26 14:45:04 [main] INFO  c.o.cloudbees.CloudbeesHomePageTest - Step 6: Clicked on 'Resources'
2025-04-26 14:45:06 [main] INFO  c.o.cloudbees.CloudbeesHomePageTest - Step 6: Clicking Documentation openes a new tab
2025-04-26 14:45:08 [main] INFO  c.o.cloudbees.CloudbeesHomePageTest - Step 7: Waited for the new tab to load
2025-04-26 14:45:08 [main] INFO  c.o.cloudbees.CloudbeesHomePageTest - Step 8: On  Click in the text field 'Search all CloudBees Resources' new page is visible'
2025-04-26 14:45:08 [main] INFO  c.o.cloudbees.CloudbeesHomePageTest - Step 9: Filled search query 'Installation'
2025-04-26 14:45:08 [main] INFO  c.o.cloudbees.CloudbeesHomePageTest - Step 10: Pressed Enter to initiate search
2025-04-26 14:45:10 [main] INFO  c.o.cloudbees.CloudbeesHomePageTest - Step 11: Clicked on page 2 of search results
2025-04-26 14:45:10 [main] INFO  c.o.cloudbees.CloudbeesHomePageTest - Step 12: Clicked on page 3 of search results
2025-04-26 14:45:10 [main] INFO  org.testng.internal.Utils - [TestNG] Time taken by org.testng.internal.ExitCodeListener@b967222: 0 ms
2025-04-26 14:45:10 [main] INFO  org.testng.internal.Utils - [TestNG] Time taken by org.testng.reporters.SuiteHTMLReporter@7abe27bf: 32 ms
2025-04-26 14:45:10 [main] INFO  org.testng.internal.Utils - [TestNG] Time taken by org.testng.reporters.jq.Main@287f7811: 81 ms
2025-04-26 14:45:10 [main] INFO  org.testng.internal.Utils - [TestNG] Time taken by org.testng.reporters.FailedReporter@451f87af: 0 ms
2025-04-26 14:45:10 [main] INFO  org.testng.internal.Utils - [TestNG] Time taken by org.testng.reporters.XMLReporter@58294867: 8 ms
2025-04-26 14:45:10 [main] INFO  org.testng.internal.Utils - [TestNG] Time taken by org.testng.reporters.EmailableReporter2@5a67e962: 8 ms
2025-04-26 14:45:10 [main] INFO  org.testng.internal.Utils - [TestNG] Time taken by org.testng.reporters.JUnitReportReporter@253b380a: 7 ms
2025-04-26 14:45:45 [main] INFO  org.testng.internal.Utils - [Utils] MethodGroupsHelper.collectMethodsByGroup() took 1 ms.
2025-04-26 14:45:45 [main] INFO  org.testng.internal.Utils - [Utils] MethodGroupsHelper.sortMethods() took 2 ms.
2025-04-26 14:45:45 [main] INFO  org.testng.internal.Utils - [Utils] MethodGroupsHelper.collectMethodsByGroup() took 0 ms.
2025-04-26 14:45:45 [main] INFO  org.testng.internal.Utils - [Utils] MethodGroupsHelper.sortMethods() took 0 ms.
2025-04-26 14:45:45 [main] INFO  org.testng.internal.Utils - [Utils] MethodGroupsHelper.collectMethodsByGroup() took 0 ms.
2025-04-26 14:45:45 [main] INFO  org.testng.internal.Utils - [Utils] MethodGroupsHelper.sortMethods() took 0 ms.
2025-04-26 14:45:45 [main] INFO  org.testng.internal.Utils - [Utils] MethodGroupsHelper.collectMethodsByGroup() took 0 ms.
2025-04-26 14:45:45 [main] INFO  org.testng.internal.Utils - [Utils] MethodGroupsHelper.sortMethods() took 0 ms.
2025-04-26 14:45:45 [main] INFO  org.testng.internal.Utils - [Utils] MethodGroupsHelper.collectMethodsByGroup() took 0 ms.
2025-04-26 14:45:45 [main] INFO  org.testng.internal.Utils - [Utils] MethodGroupsHelper.sortMethods() took 0 ms.
2025-04-26 14:45:45 [main] INFO  org.testng.internal.Utils - [Utils] MethodGroupsHelper.collectMethodsByGroup() took 0 ms.
2025-04-26 14:45:45 [main] INFO  org.testng.internal.Utils - [Utils] MethodGroupsHelper.sortMethods() took 0 ms.
2025-04-26 14:45:45 [main] INFO  org.testng.internal.Utils - [Utils] MethodGroupsHelper.collectMethodsByGroup() took 0 ms.
2025-04-26 14:45:45 [main] INFO  org.testng.internal.Utils - [Utils] MethodGroupsHelper.sortMethods() took 0 ms.
2025-04-26 14:45:45 [main] INFO  org.testng.internal.Utils - [Utils] MethodGroupsHelper.collectMethodsByGroup() took 0 ms.
2025-04-26 14:45:45 [main] INFO  org.testng.internal.Utils - [Utils] MethodGroupsHelper.sortMethods() took 0 ms.
2025-04-26 14:45:45 [main] INFO  org.testng.internal.Utils - [Utils] MethodGroupsHelper.collectMethodsByGroup() took 0 ms.
2025-04-26 14:45:45 [main] INFO  org.testng.internal.Utils - [Utils] MethodGroupsHelper.sortMethods() took 0 ms.
2025-04-26 14:45:45 [main] INFO  org.testng.internal.Utils - [Utils] MethodGroupsHelper.collectMethodsByGroup() took 0 ms.
2025-04-26 14:45:45 [main] INFO  org.testng.internal.Utils - [Utils] MethodGroupsHelper.sortMethods() took 0 ms.
2025-04-26 14:45:45 [main] INFO  org.testng.internal.Utils - [Utils] MethodGroupsHelper.collectMethodsByGroup() took 0 ms.
2025-04-26 14:45:45 [main] INFO  org.testng.internal.Utils - [Utils] MethodGroupsHelper.sortMethods() took 0 ms.
2025-04-26 14:45:45 [main] INFO  org.testng.internal.Utils - [Utils] MethodGroupsHelper.collectMethodsByGroup() took 0 ms.
2025-04-26 14:45:45 [main] INFO  org.testng.internal.Utils - [Utils] MethodGroupsHelper.sortMethods() took 0 ms.
2025-04-26 14:45:45 [main] INFO  org.testng.internal.Utils - [Utils] MethodGroupsHelper.collectMethodsByGroup() took 5 ms.
2025-04-26 14:45:45 [main] INFO  org.testng.internal.Utils - [Utils] MethodGroupsHelper.sortMethods() took 13 ms.
2025-04-26 14:45:45 [main] INFO  org.testng.internal.Utils - [Utils] MethodGroupsHelper.collectMethodsByGroup() took 0 ms.
2025-04-26 14:45:45 [main] INFO  org.testng.internal.Utils - [Utils] MethodGroupsHelper.sortMethods() took 0 ms.
2025-04-26 14:45:45 [main] INFO  org.testng.internal.Utils - [Utils] MethodGroupsHelper.collectMethodsByGroup() took 0 ms.
2025-04-26 14:45:45 [main] INFO  org.testng.internal.Utils - [Utils] MethodGroupsHelper.sortMethods() took 0 ms.
2025-04-26 14:45:45 [main] INFO  org.testng.internal.Utils - [TestNG] Running:
  C:\Users\Lenovo\AppData\Local\Temp\testng-eclipse-1658872787\testng-customsuite.xml

2025-04-26 14:45:45 [main] INFO  org.testng.internal.Utils - [Utils] DynamicGraphHelper.createDynamicGraph() took 7 ms.
2025-04-26 14:45:45 [main] INFO  c.org.cloudbees.GitRepoTestingTest - Cloning the repo from https://github.com/vivekblrin/CloudbeesGitRepo.git
2025-04-26 14:46:26 [main] INFO  c.org.cloudbees.GitRepoTestingTest - Setting Git identity
2025-04-26 14:46:26 [main] INFO  c.org.cloudbees.GitRepoTestingTest - Creating a new file: newfile-8f1f37be-8f6a-4c2a-9686-a237a0ca7e92.txt
2025-04-26 14:46:26 [main] INFO  c.org.cloudbees.GitRepoTestingTest - Adding file to Git: newfile-8f1f37be-8f6a-4c2a-9686-a237a0ca7e92.txt
2025-04-26 14:46:26 [main] INFO  c.org.cloudbees.GitRepoTestingTest - Committing file with message: Add new file via automation
2025-04-26 14:46:27 [main] INFO  c.org.cloudbees.GitRepoTestingTest - Pushing file to remote repository
2025-04-26 14:46:31 [main] INFO  c.org.cloudbees.GitRepoTestingTest - Deleted cloned repository directory: F:\19_Testing_QualityAssurance\AutomationWorkspace\CloudBeesProject\cloned-a4971daf-1c05-41bf-8098-1cb69964732f
2025-04-26 14:46:31 [main] INFO  c.org.cloudbees.GitRepoTestingTest - Cloning the repository from https://github.com/vivekblrin/CloudbeesGitRepo.git
2025-04-26 14:46:33 [main] INFO  c.org.cloudbees.GitRepoTestingTest - Setting Git identity
2025-04-26 14:46:33 [main] INFO  c.org.cloudbees.GitRepoTestingTest - Appending content to file: README.md
2025-04-26 14:46:33 [main] INFO  c.org.cloudbees.GitRepoTestingTest - Adding file to Git: README.md
2025-04-26 14:46:33 [main] INFO  c.org.cloudbees.GitRepoTestingTest - Committing changes with message: Append to existing file via automation
2025-04-26 14:46:34 [main] INFO  c.org.cloudbees.GitRepoTestingTest - Pushing changes to remote repository
2025-04-26 14:46:38 [main] INFO  c.org.cloudbees.GitRepoTestingTest - Deleted cloned repository directory: F:\19_Testing_QualityAssurance\AutomationWorkspace\CloudBeesProject\cloned-a9d3bf06-74c4-4155-b77b-cc2d4e274c50
2025-04-26 14:46:38 [main] INFO  org.testng.internal.Utils - [TestNG] Time taken by org.testng.internal.ExitCodeListener@57f791c6: 0 ms
2025-04-26 14:46:38 [main] INFO  org.testng.internal.Utils - [TestNG] Time taken by org.testng.reporters.SuiteHTMLReporter@31500940: 23 ms
2025-04-26 14:46:38 [main] INFO  org.testng.internal.Utils - [TestNG] Time taken by org.testng.reporters.jq.Main@3a80515c: 89 ms
2025-04-26 14:46:38 [main] INFO  org.testng.internal.Utils - [TestNG] Time taken by org.testng.reporters.FailedReporter@547e29a4: 0 ms
2025-04-26 14:46:38 [main] INFO  org.testng.internal.Utils - [TestNG] Time taken by org.testng.reporters.XMLReporter@2d8f2f3a: 8 ms
2025-04-26 14:46:38 [main] INFO  org.testng.internal.Utils - [TestNG] Time taken by org.testng.reporters.EmailableReporter2@436390f4: 8 ms
2025-04-26 14:46:38 [main] INFO  org.testng.internal.Utils - [TestNG] Time taken by org.testng.reporters.JUnitReportReporter@255990cc: 6 ms
2025-04-26 14:47:07 [main] WARN  org.testng.TestNG - Ignoring duplicate listener : io.qameta.allure.testng.AllureTestNg
2025-04-26 14:47:07 [main] WARN  org.testng.TestNG - Ignoring duplicate listener : io.qameta.allure.testng.AllureTestNg
2025-04-26 14:47:07 [main] WARN  org.testng.TestNG - Ignoring duplicate listener : io.qameta.allure.testng.AllureTestNg
2025-04-26 14:47:21 [main] INFO  c.o.cloudbees.CloudbeesHomePageTest - Step 1: Navigated to https://www.cloudbees.com/
2025-04-26 14:47:22 [main] INFO  c.o.cloudbees.CloudbeesHomePageTest - Step 2: Clicked on 'Products'
2025-04-26 14:48:07 [main] INFO  c.o.cloudbees.CloudbeesHomePageTest - Step 2: Clicked on 'CloudBees CD/RO' under Products
2025-04-26 14:48:07 [main] INFO  c.o.cloudbees.CloudbeesHomePageTest - Step 3: Verified that Cost Savings ($2m) is visible
2025-04-26 14:48:08 [main] INFO  c.o.cloudbees.CloudbeesHomePageTest - Step 4: Clicked on 'Auditors / Security'
2025-04-26 14:48:08 [main] INFO  c.o.cloudbees.CloudbeesHomePageTest - Step 5: Verified that text under Release Governance is visible
2025-04-26 14:48:10 [main] INFO  c.o.cloudbees.CloudbeesHomePageTest - Step 6: Clicked on 'Resources'
2025-04-26 14:48:12 [main] INFO  c.o.cloudbees.CloudbeesHomePageTest - Step 6: Clicking Documentation openes a new tab
2025-04-26 14:48:13 [main] INFO  c.o.cloudbees.CloudbeesHomePageTest - Step 7: Waited for the new tab to load
2025-04-26 14:48:13 [main] INFO  c.o.cloudbees.CloudbeesHomePageTest - Step 8: On  Click in the text field 'Search all CloudBees Resources' new page is visible'
2025-04-26 14:48:14 [main] INFO  c.o.cloudbees.CloudbeesHomePageTest - Step 9: Filled search query 'Installation'
2025-04-26 14:48:14 [main] INFO  c.o.cloudbees.CloudbeesHomePageTest - Step 10: Pressed Enter to initiate search
2025-04-26 14:48:15 [main] INFO  c.o.cloudbees.CloudbeesHomePageTest - Step 11: Clicked on page 2 of search results
2025-04-26 14:48:15 [main] INFO  c.o.cloudbees.CloudbeesHomePageTest - Step 12: Clicked on page 3 of search results
2025-04-26 14:48:16 [main] INFO  c.org.cloudbees.GitRepoTestingTest - Cloning the repo from https://github.com/vivekblrin/CloudbeesGitRepo.git
2025-04-26 14:48:17 [main] INFO  c.org.cloudbees.GitRepoTestingTest - Setting Git identity
2025-04-26 14:48:17 [main] INFO  c.org.cloudbees.GitRepoTestingTest - Creating a new file: newfile-c534a792-50ab-4053-9540-aad2920399b1.txt
2025-04-26 14:48:17 [main] INFO  c.org.cloudbees.GitRepoTestingTest - Adding file to Git: newfile-c534a792-50ab-4053-9540-aad2920399b1.txt
2025-04-26 14:48:18 [main] INFO  c.org.cloudbees.GitRepoTestingTest - Committing file with message: Add new file via automation
2025-04-26 14:48:18 [main] INFO  c.org.cloudbees.GitRepoTestingTest - Pushing file to remote repository
2025-04-26 14:48:22 [main] INFO  c.org.cloudbees.GitRepoTestingTest - Deleted cloned repository directory: F:\19_Testing_QualityAssurance\AutomationWorkspace\CloudBeesProject\cloned-67b3aeec-824e-45bd-97a6-d9c26ea0aa38
2025-04-26 14:48:22 [main] INFO  c.org.cloudbees.GitRepoTestingTest - Cloning the repository from https://github.com/vivekblrin/CloudbeesGitRepo.git
2025-04-26 14:48:24 [main] INFO  c.org.cloudbees.GitRepoTestingTest - Setting Git identity
2025-04-26 14:48:24 [main] INFO  c.org.cloudbees.GitRepoTestingTest - Appending content to file: README.md
2025-04-26 14:48:24 [main] INFO  c.org.cloudbees.GitRepoTestingTest - Adding file to Git: README.md
2025-04-26 14:48:24 [main] INFO  c.org.cloudbees.GitRepoTestingTest - Committing changes with message: Append to existing file via automation
2025-04-26 14:48:25 [main] INFO  c.org.cloudbees.GitRepoTestingTest - Pushing changes to remote repository
2025-04-26 14:48:29 [main] INFO  c.org.cloudbees.GitRepoTestingTest - Deleted cloned repository directory: F:\19_Testing_QualityAssurance\AutomationWorkspace\CloudBeesProject\cloned-57f8f0f9-3b08-46b3-847a-041952a35e75
2025-04-26 14:49:33 [main] INFO  org.testng.internal.Utils - [Utils] MethodGroupsHelper.collectMethodsByGroup() took 0 ms.
2025-04-26 14:49:33 [main] INFO  org.testng.internal.Utils - [Utils] MethodGroupsHelper.sortMethods() took 1 ms.
2025-04-26 14:49:33 [main] INFO  org.testng.internal.Utils - [Utils] MethodGroupsHelper.collectMethodsByGroup() took 0 ms.
2025-04-26 14:49:33 [main] INFO  org.testng.internal.Utils - [Utils] MethodGroupsHelper.sortMethods() took 0 ms.
2025-04-26 14:49:33 [main] INFO  org.testng.internal.Utils - [Utils] MethodGroupsHelper.collectMethodsByGroup() took 0 ms.
2025-04-26 14:49:33 [main] INFO  org.testng.internal.Utils - [Utils] MethodGroupsHelper.sortMethods() took 0 ms.
2025-04-26 14:49:33 [main] INFO  org.testng.internal.Utils - [Utils] MethodGroupsHelper.collectMethodsByGroup() took 0 ms.
2025-04-26 14:49:33 [main] INFO  org.testng.internal.Utils - [Utils] MethodGroupsHelper.sortMethods() took 0 ms.
2025-04-26 14:49:33 [main] INFO  org.testng.internal.Utils - [Utils] MethodGroupsHelper.collectMethodsByGroup() took 0 ms.
2025-04-26 14:49:33 [main] INFO  org.testng.internal.Utils - [Utils] MethodGroupsHelper.sortMethods() took 0 ms.
2025-04-26 14:49:33 [main] INFO  org.testng.internal.Utils - [Utils] MethodGroupsHelper.collectMethodsByGroup() took 0 ms.
2025-04-26 14:49:33 [main] INFO  org.testng.internal.Utils - [Utils] MethodGroupsHelper.sortMethods() took 0 ms.
2025-04-26 14:49:33 [main] INFO  org.testng.internal.Utils - [Utils] MethodGroupsHelper.collectMethodsByGroup() took 0 ms.
2025-04-26 14:49:33 [main] INFO  org.testng.internal.Utils - [Utils] MethodGroupsHelper.sortMethods() took 0 ms.
2025-04-26 14:49:33 [main] INFO  org.testng.internal.Utils - [Utils] MethodGroupsHelper.collectMethodsByGroup() took 0 ms.
2025-04-26 14:49:33 [main] INFO  org.testng.internal.Utils - [Utils] MethodGroupsHelper.sortMethods() took 0 ms.
2025-04-26 14:49:33 [main] INFO  org.testng.internal.Utils - [Utils] MethodGroupsHelper.collectMethodsByGroup() took 0 ms.
2025-04-26 14:49:33 [main] INFO  org.testng.internal.Utils - [Utils] MethodGroupsHelper.sortMethods() took 0 ms.
2025-04-26 14:49:33 [main] INFO  org.testng.internal.Utils - [Utils] MethodGroupsHelper.collectMethodsByGroup() took 0 ms.
2025-04-26 14:49:33 [main] INFO  org.testng.internal.Utils - [Utils] MethodGroupsHelper.sortMethods() took 0 ms.
2025-04-26 14:49:33 [main] INFO  org.testng.internal.Utils - [Utils] MethodGroupsHelper.collectMethodsByGroup() took 0 ms.
2025-04-26 14:49:33 [main] INFO  org.testng.internal.Utils - [Utils] MethodGroupsHelper.sortMethods() took 0 ms.
2025-04-26 14:49:33 [main] INFO  org.testng.internal.Utils - [Utils] MethodGroupsHelper.collectMethodsByGroup() took 0 ms.
2025-04-26 14:49:33 [main] INFO  org.testng.internal.Utils - [Utils] MethodGroupsHelper.sortMethods() took 0 ms.
2025-04-26 14:49:33 [main] INFO  org.testng.internal.Utils - [Utils] MethodGroupsHelper.collectMethodsByGroup() took 3 ms.
2025-04-26 14:49:33 [main] INFO  org.testng.internal.Utils - [Utils] MethodGroupsHelper.sortMethods() took 4 ms.
2025-04-26 14:49:33 [main] INFO  org.testng.internal.Utils - [Utils] MethodGroupsHelper.collectMethodsByGroup() took 0 ms.
2025-04-26 14:49:33 [main] INFO  org.testng.internal.Utils - [Utils] MethodGroupsHelper.sortMethods() took 0 ms.
2025-04-26 14:49:33 [main] INFO  org.testng.internal.Utils - [Utils] MethodGroupsHelper.collectMethodsByGroup() took 0 ms.
2025-04-26 14:49:33 [main] INFO  org.testng.internal.Utils - [Utils] MethodGroupsHelper.sortMethods() took 0 ms.
2025-04-26 14:49:33 [main] INFO  org.testng.internal.Utils - [TestNG] Running:
  C:\Users\Lenovo\AppData\Local\Temp\testng-eclipse--1896285315\testng-customsuite.xml

2025-04-26 14:49:33 [main] INFO  org.testng.internal.Utils - [Utils] DynamicGraphHelper.createDynamicGraph() took 5 ms.
2025-04-26 14:49:48 [main] INFO  c.o.cloudbees.CloudbeesHomePageTest - Step 1: Navigated to https://www.cloudbees.com/
2025-04-26 14:49:48 [main] INFO  c.o.cloudbees.CloudbeesHomePageTest - Step 2: Clicked on 'Products'
2025-04-26 14:49:53 [main] INFO  c.o.cloudbees.CloudbeesHomePageTest - Step 2: Clicked on 'CloudBees CD/RO' under Products
2025-04-26 14:49:53 [main] INFO  c.o.cloudbees.CloudbeesHomePageTest - Step 3: Verified that Cost Savings ($2m) is visible
2025-04-26 14:49:54 [main] INFO  c.o.cloudbees.CloudbeesHomePageTest - Step 4: Clicked on 'Auditors / Security'
2025-04-26 14:49:54 [main] INFO  c.o.cloudbees.CloudbeesHomePageTest - Step 5: Verified that text under Release Governance is visible
2025-04-26 14:49:55 [main] INFO  c.o.cloudbees.CloudbeesHomePageTest - Step 6: Clicked on 'Resources'
2025-04-26 14:49:57 [main] INFO  c.o.cloudbees.CloudbeesHomePageTest - Step 6: Clicking Documentation openes a new tab
2025-04-26 14:49:57 [main] INFO  c.o.cloudbees.CloudbeesHomePageTest - Step 7: Waited for the new tab to load
2025-04-26 14:49:58 [main] INFO  c.o.cloudbees.CloudbeesHomePageTest - Step 8: On  Click in the text field 'Search all CloudBees Resources' new page is visible'
2025-04-26 14:49:58 [main] INFO  c.o.cloudbees.CloudbeesHomePageTest - Step 9: Filled search query 'Installation'
2025-04-26 14:49:58 [main] INFO  c.o.cloudbees.CloudbeesHomePageTest - Step 10: Pressed Enter to initiate search
2025-04-26 14:50:23 [main] INFO  c.o.cloudbees.CloudbeesHomePageTest - Step 11: Clicked on page 2 of search results
2025-04-26 14:50:23 [main] INFO  c.o.cloudbees.CloudbeesHomePageTest - Step 12: Clicked on page 3 of search results
2025-04-26 14:50:23 [main] INFO  org.testng.internal.Utils - [TestNG] Time taken by org.testng.internal.ExitCodeListener@b967222: 0 ms
2025-04-26 14:50:23 [main] INFO  org.testng.internal.Utils - [TestNG] Time taken by org.testng.reporters.SuiteHTMLReporter@7abe27bf: 26 ms
2025-04-26 14:50:23 [main] INFO  org.testng.internal.Utils - [TestNG] Time taken by org.testng.reporters.jq.Main@287f7811: 98 ms
2025-04-26 14:50:23 [main] INFO  org.testng.internal.Utils - [TestNG] Time taken by org.testng.reporters.FailedReporter@451f87af: 0 ms
2025-04-26 14:50:23 [main] INFO  org.testng.internal.Utils - [TestNG] Time taken by org.testng.reporters.XMLReporter@58294867: 8 ms
2025-04-26 14:50:23 [main] INFO  org.testng.internal.Utils - [TestNG] Time taken by org.testng.reporters.EmailableReporter2@5a67e962: 8 ms
2025-04-26 14:50:23 [main] INFO  org.testng.internal.Utils - [TestNG] Time taken by org.testng.reporters.JUnitReportReporter@253b380a: 5 ms
2025-04-26 14:54:11 [main] WARN  org.testng.TestNG - Ignoring duplicate listener : io.qameta.allure.testng.AllureTestNg
2025-04-26 14:54:11 [main] WARN  org.testng.TestNG - Ignoring duplicate listener : io.qameta.allure.testng.AllureTestNg
2025-04-26 14:54:11 [main] WARN  org.testng.TestNG - Ignoring duplicate listener : io.qameta.allure.testng.AllureTestNg
2025-04-26 14:54:26 [main] INFO  c.o.cloudbees.CloudbeesHomePageTest - Step 1: Navigated to https://www.cloudbees.com/
2025-04-26 14:54:27 [main] INFO  c.o.cloudbees.CloudbeesHomePageTest - Step 2: Clicked on 'Products'
2025-04-26 14:54:32 [main] INFO  c.o.cloudbees.CloudbeesHomePageTest - Step 2: Clicked on 'CloudBees CD/RO' under Products
2025-04-26 14:54:32 [main] INFO  c.o.cloudbees.CloudbeesHomePageTest - Step 3: Verified that Cost Savings ($2m) is visible
2025-04-26 14:54:33 [main] INFO  c.o.cloudbees.CloudbeesHomePageTest - Step 4: Clicked on 'Auditors / Security'
2025-04-26 14:54:33 [main] INFO  c.o.cloudbees.CloudbeesHomePageTest - Step 5: Verified that text under Release Governance is visible
2025-04-26 14:54:34 [main] INFO  c.o.cloudbees.CloudbeesHomePageTest - Step 6: Clicked on 'Resources'
2025-04-26 14:54:35 [main] INFO  c.o.cloudbees.CloudbeesHomePageTest - Step 6: Clicking Documentation openes a new tab
2025-04-26 14:54:36 [main] INFO  c.o.cloudbees.CloudbeesHomePageTest - Step 7: Waited for the new tab to load
2025-04-26 14:54:37 [main] INFO  c.o.cloudbees.CloudbeesHomePageTest - Step 8: On  Click in the text field 'Search all CloudBees Resources' new page is visible'
2025-04-26 14:54:37 [main] INFO  c.o.cloudbees.CloudbeesHomePageTest - Step 9: Filled search query 'Installation'
2025-04-26 14:54:37 [main] INFO  c.o.cloudbees.CloudbeesHomePageTest - Step 10: Pressed Enter to initiate search
2025-04-26 14:54:38 [main] INFO  c.o.cloudbees.CloudbeesHomePageTest - Step 11: Clicked on page 2 of search results
2025-04-26 14:54:38 [main] INFO  c.o.cloudbees.CloudbeesHomePageTest - Step 12: Clicked on page 3 of search results
2025-04-26 14:54:39 [main] INFO  c.org.cloudbees.GitRepoTestingTest - Cloning the repo from https://github.com/vivekblrin/CloudbeesGitRepo.git
2025-04-26 14:54:40 [main] INFO  c.org.cloudbees.GitRepoTestingTest - Setting Git identity
2025-04-26 14:54:41 [main] INFO  c.org.cloudbees.GitRepoTestingTest - Creating a new file: newfile-6f156076-9221-4db7-b2b8-19e005d17dc6.txt
2025-04-26 14:54:41 [main] INFO  c.org.cloudbees.GitRepoTestingTest - Adding file to Git: newfile-6f156076-9221-4db7-b2b8-19e005d17dc6.txt
2025-04-26 14:54:41 [main] INFO  c.org.cloudbees.GitRepoTestingTest - Committing file with message: Add new file via automation
2025-04-26 14:54:41 [main] INFO  c.org.cloudbees.GitRepoTestingTest - Pushing file to remote repository
2025-04-26 14:54:45 [main] INFO  c.org.cloudbees.GitRepoTestingTest - Deleted cloned repository directory: F:\19_Testing_QualityAssurance\AutomationWorkspace\CloudBeesProject\cloned-c03a8976-ce9e-4f08-b8a3-cd1c7774c467
2025-04-26 14:54:45 [main] INFO  c.org.cloudbees.GitRepoTestingTest - Cloning the repository from https://github.com/vivekblrin/CloudbeesGitRepo.git
2025-04-26 14:54:47 [main] INFO  c.org.cloudbees.GitRepoTestingTest - Setting Git identity
2025-04-26 14:54:47 [main] INFO  c.org.cloudbees.GitRepoTestingTest - Appending content to file: README.md
2025-04-26 14:54:47 [main] INFO  c.org.cloudbees.GitRepoTestingTest - Adding file to Git: README.md
2025-04-26 14:54:47 [main] INFO  c.org.cloudbees.GitRepoTestingTest - Committing changes with message: Append to existing file via automation
2025-04-26 14:54:48 [main] INFO  c.org.cloudbees.GitRepoTestingTest - Pushing changes to remote repository
2025-04-26 14:54:52 [main] INFO  c.org.cloudbees.GitRepoTestingTest - Deleted cloned repository directory: F:\19_Testing_QualityAssurance\AutomationWorkspace\CloudBeesProject\cloned-cb8a5330-b926-40d1-8e26-62f946e90691
